<?xml version="1.0" encoding="UTF-8"?>
<!-- Generated by org.testng.reporters.JUnitReportReporter -->
<testsuite skipped="0" hostname="PIYUSH" name="com.test.winiumTest.Test1" tests="1" failures="0" timestamp="20 Sep 2017 20:12:48 GMT" time="16.795" errors="0">
  <testcase name="myTest1" time="16.795" classname="com.test.winiumTest.Test1"/>
</testsuite> <!-- com.test.winiumTest.Test1 -->
